<?xml version="1.0" encoding="UTF-8"?>
<!-- Generated by org.testng.reporters.JUnitXMLReporter -->
<testsuite ignored="0" hostname="MT-63K15L3" failures="0" tests="10" name="Default test" time="163.318" errors="0" timestamp="2022-07-30T13:25:07 IST">
  <testcase classname="runner.TestExecution" name="createAccount" time="12.714"/>
  <testcase classname="runner.TestExecution" name="shopProductPacsTC1" time="10.597"/>
  <testcase classname="runner.TestExecution" name="searchPowder" time="9.016"/>
  <testcase classname="runner.TestExecution" name="liveChat" time="6.421"/>
  <testcase classname="runner.TestExecution" name="Language" time="11.661"/>
  <testcase classname="runner.TestExecution" name="liquidProducts" time="7.966"/>
  <testcase classname="runner.TestExecution" name="stainRemoval" time="12.714"/>
  <testcase classname="runner.TestExecution" name="tideInSpace" time="5.82"/>
  <testcase classname="runner.TestExecution" name="tideLaundry" time="5.04"/>
  <testcase classname="runner.TestExecution" name="tideDeepClean" time="5.369"/>
</testsuite> <!-- Default test -->
