<?xml version="1.0" encoding="UTF-8"?>
<!-- Generated by org.testng.reporters.JUnitXMLReporter -->
<testsuite ignored="0" hostname="MT-63K15L3" failures="0" tests="10" name="Test" time="100.384" errors="0" timestamp="2022-07-29T01:50:39 IST">
  <testcase classname="runner.TestExecution" name="createAccount" time="10.681"/>
  <testcase classname="runner.TestExecution" name="shopProductPacsTC1" time="9.18"/>
  <testcase classname="runner.TestExecution" name="searchPowder" time="6.698"/>
  <testcase classname="runner.TestExecution" name="liveChat" time="6.872"/>
  <testcase classname="runner.TestExecution" name="Language" time="12.031"/>
  <testcase classname="runner.TestExecution" name="liquidProducts" time="11.946"/>
  <testcase classname="runner.TestExecution" name="stainRemoval" time="6.651"/>
  <testcase classname="runner.TestExecution" name="tideInSpace" time="6.78"/>
  <testcase classname="runner.TestExecution" name="tideLaundry" time="7.09"/>
  <testcase classname="runner.TestExecution" name="tideDeepClean" time="7.763"/>
</testsuite> <!-- Test -->
