<?xml version="1.0" encoding="UTF-8"?>
<!-- Generated by org.testng.reporters.JUnitXMLReporter -->
<testsuite ignored="0" hostname="MT-63K15L3" failures="0" tests="10" name="Test" time="226.197" errors="0" timestamp="2022-07-30T14:51:57 IST">
  <testcase classname="runner.TestExecution" name="createAccount" time="15.764"/>
  <testcase classname="runner.TestExecution" name="shopProductPacsTC1" time="7.695"/>
  <testcase classname="runner.TestExecution" name="searchPowder" time="10.881"/>
  <testcase classname="runner.TestExecution" name="liveChat" time="6.025"/>
  <testcase classname="runner.TestExecution" name="Language" time="15.341"/>
  <testcase classname="runner.TestExecution" name="liquidProducts" time="9.129"/>
  <testcase classname="runner.TestExecution" name="stainRemoval" time="8.745"/>
  <testcase classname="runner.TestExecution" name="tideInSpace" time="5.682"/>
  <testcase classname="runner.TestExecution" name="tideLaundry" time="5.376"/>
  <testcase classname="runner.TestExecution" name="tideDeepClean" time="4.766"/>
</testsuite> <!-- Test -->
