<?xml version="1.0" encoding="UTF-8"?>
<testng-results ignored="0" total="10" passed="10" failed="0" skipped="0">
  <reporter-output>
  </reporter-output>
  <suite started-at="2022-07-30T14:48:11 IST" name="Suite" finished-at="2022-07-30T14:51:57 IST" duration-ms="226197">
    <groups>
    </groups>
    <test started-at="2022-07-30T14:48:11 IST" name="Test" finished-at="2022-07-30T14:51:57 IST" duration-ms="226197">
      <class name="runner.TestExecution">
        <test-method is-config="true" signature="initialize()[pri:0, instance:runner.TestExecution@41c2284a]" started-at="2022-07-30T14:48:11 IST" name="initialize" finished-at="2022-07-30T14:48:28 IST" duration-ms="17255" status="PASS">
          <reporter-output>
          </reporter-output>
        </test-method> <!-- initialize -->
        <test-method signature="createAccount()[pri:1, instance:runner.TestExecution@41c2284a]" started-at="2022-07-30T14:48:28 IST" name="createAccount" finished-at="2022-07-30T14:48:44 IST" duration-ms="15764" status="PASS">
          <reporter-output>
          </reporter-output>
        </test-method> <!-- createAccount -->
        <test-method is-config="true" signature="closer()[pri:0, instance:runner.TestExecution@41c2284a]" started-at="2022-07-30T14:48:44 IST" name="closer" finished-at="2022-07-30T14:48:45 IST" duration-ms="1136" status="PASS">
          <reporter-output>
          </reporter-output>
        </test-method> <!-- closer -->
        <test-method is-config="true" signature="initialize()[pri:0, instance:runner.TestExecution@41c2284a]" started-at="2022-07-30T14:48:45 IST" name="initialize" finished-at="2022-07-30T14:49:00 IST" duration-ms="15720" status="PASS">
          <reporter-output>
          </reporter-output>
        </test-method> <!-- initialize -->
        <test-method signature="shopProductPacsTC1()[pri:2, instance:runner.TestExecution@41c2284a]" started-at="2022-07-30T14:49:00 IST" name="shopProductPacsTC1" finished-at="2022-07-30T14:49:08 IST" duration-ms="7695" status="PASS">
          <reporter-output>
          </reporter-output>
        </test-method> <!-- shopProductPacsTC1 -->
        <test-method is-config="true" signature="closer()[pri:0, instance:runner.TestExecution@41c2284a]" started-at="2022-07-30T14:49:08 IST" name="closer" finished-at="2022-07-30T14:49:09 IST" duration-ms="497" status="PASS">
          <reporter-output>
          </reporter-output>
        </test-method> <!-- closer -->
        <test-method is-config="true" signature="initialize()[pri:0, instance:runner.TestExecution@41c2284a]" started-at="2022-07-30T14:49:09 IST" name="initialize" finished-at="2022-07-30T14:49:20 IST" duration-ms="10618" status="PASS">
          <reporter-output>
          </reporter-output>
        </test-method> <!-- initialize -->
        <test-method signature="searchPowder(java.lang.String)[pri:3, instance:runner.TestExecution@41c2284a]" started-at="2022-07-30T14:49:20 IST" name="searchPowder" data-provider="SearchPowder" finished-at="2022-07-30T14:49:31 IST" duration-ms="10881" status="PASS">
          <params>
            <param index="0">
              <value>
                <![CDATA[powder]]>
              </value>
            </param>
          </params>
          <reporter-output>
          </reporter-output>
        </test-method> <!-- searchPowder -->
        <test-method is-config="true" signature="closer()[pri:0, instance:runner.TestExecution@41c2284a]" started-at="2022-07-30T14:49:31 IST" name="closer" finished-at="2022-07-30T14:49:31 IST" duration-ms="476" status="PASS">
          <reporter-output>
          </reporter-output>
        </test-method> <!-- closer -->
        <test-method is-config="true" signature="initialize()[pri:0, instance:runner.TestExecution@41c2284a]" started-at="2022-07-30T14:49:31 IST" name="initialize" finished-at="2022-07-30T14:49:45 IST" duration-ms="13553" status="PASS">
          <reporter-output>
          </reporter-output>
        </test-method> <!-- initialize -->
        <test-method signature="liveChat()[pri:4, instance:runner.TestExecution@41c2284a]" started-at="2022-07-30T14:49:45 IST" name="liveChat" finished-at="2022-07-30T14:49:51 IST" duration-ms="6025" status="PASS">
          <reporter-output>
          </reporter-output>
        </test-method> <!-- liveChat -->
        <test-method is-config="true" signature="closer()[pri:0, instance:runner.TestExecution@41c2284a]" started-at="2022-07-30T14:49:51 IST" name="closer" finished-at="2022-07-30T14:49:51 IST" duration-ms="463" status="PASS">
          <reporter-output>
          </reporter-output>
        </test-method> <!-- closer -->
        <test-method is-config="true" signature="initialize()[pri:0, instance:runner.TestExecution@41c2284a]" started-at="2022-07-30T14:49:51 IST" name="initialize" finished-at="2022-07-30T14:50:05 IST" duration-ms="13744" status="PASS">
          <reporter-output>
          </reporter-output>
        </test-method> <!-- initialize -->
        <test-method signature="Language()[pri:5, instance:runner.TestExecution@41c2284a]" started-at="2022-07-30T14:50:05 IST" name="Language" finished-at="2022-07-30T14:50:20 IST" duration-ms="15341" status="PASS">
          <reporter-output>
          </reporter-output>
        </test-method> <!-- Language -->
        <test-method is-config="true" signature="closer()[pri:0, instance:runner.TestExecution@41c2284a]" started-at="2022-07-30T14:50:20 IST" name="closer" finished-at="2022-07-30T14:50:21 IST" duration-ms="494" status="PASS">
          <reporter-output>
          </reporter-output>
        </test-method> <!-- closer -->
        <test-method is-config="true" signature="initialize()[pri:0, instance:runner.TestExecution@41c2284a]" started-at="2022-07-30T14:50:21 IST" name="initialize" finished-at="2022-07-30T14:50:31 IST" duration-ms="10847" status="PASS">
          <reporter-output>
          </reporter-output>
        </test-method> <!-- initialize -->
        <test-method signature="liquidProducts()[pri:6, instance:runner.TestExecution@41c2284a]" started-at="2022-07-30T14:50:31 IST" name="liquidProducts" finished-at="2022-07-30T14:50:41 IST" duration-ms="9129" status="PASS">
          <reporter-output>
          </reporter-output>
        </test-method> <!-- liquidProducts -->
        <test-method is-config="true" signature="closer()[pri:0, instance:runner.TestExecution@41c2284a]" started-at="2022-07-30T14:50:41 IST" name="closer" finished-at="2022-07-30T14:50:41 IST" duration-ms="462" status="PASS">
          <reporter-output>
          </reporter-output>
        </test-method> <!-- closer -->
        <test-method is-config="true" signature="initialize()[pri:0, instance:runner.TestExecution@41c2284a]" started-at="2022-07-30T14:50:41 IST" name="initialize" finished-at="2022-07-30T14:50:54 IST" duration-ms="12539" status="PASS">
          <reporter-output>
          </reporter-output>
        </test-method> <!-- initialize -->
        <test-method signature="stainRemoval()[pri:7, instance:runner.TestExecution@41c2284a]" started-at="2022-07-30T14:50:54 IST" name="stainRemoval" finished-at="2022-07-30T14:51:02 IST" duration-ms="8745" status="PASS">
          <reporter-output>
          </reporter-output>
        </test-method> <!-- stainRemoval -->
        <test-method is-config="true" signature="closer()[pri:0, instance:runner.TestExecution@41c2284a]" started-at="2022-07-30T14:51:02 IST" name="closer" finished-at="2022-07-30T14:51:03 IST" duration-ms="479" status="PASS">
          <reporter-output>
          </reporter-output>
        </test-method> <!-- closer -->
        <test-method is-config="true" signature="initialize()[pri:0, instance:runner.TestExecution@41c2284a]" started-at="2022-07-30T14:51:03 IST" name="initialize" finished-at="2022-07-30T14:51:13 IST" duration-ms="10542" status="PASS">
          <reporter-output>
          </reporter-output>
        </test-method> <!-- initialize -->
        <test-method signature="tideInSpace()[pri:8, instance:runner.TestExecution@41c2284a]" started-at="2022-07-30T14:51:13 IST" name="tideInSpace" finished-at="2022-07-30T14:51:19 IST" duration-ms="5682" status="PASS">
          <reporter-output>
          </reporter-output>
        </test-method> <!-- tideInSpace -->
        <test-method is-config="true" signature="closer()[pri:0, instance:runner.TestExecution@41c2284a]" started-at="2022-07-30T14:51:19 IST" name="closer" finished-at="2022-07-30T14:51:20 IST" duration-ms="479" status="PASS">
          <reporter-output>
          </reporter-output>
        </test-method> <!-- closer -->
        <test-method is-config="true" signature="initialize()[pri:0, instance:runner.TestExecution@41c2284a]" started-at="2022-07-30T14:51:20 IST" name="initialize" finished-at="2022-07-30T14:51:32 IST" duration-ms="12722" status="PASS">
          <reporter-output>
          </reporter-output>
        </test-method> <!-- initialize -->
        <test-method signature="tideLaundry()[pri:9, instance:runner.TestExecution@41c2284a]" started-at="2022-07-30T14:51:32 IST" name="tideLaundry" finished-at="2022-07-30T14:51:38 IST" duration-ms="5376" status="PASS">
          <reporter-output>
          </reporter-output>
        </test-method> <!-- tideLaundry -->
        <test-method is-config="true" signature="closer()[pri:0, instance:runner.TestExecution@41c2284a]" started-at="2022-07-30T14:51:38 IST" name="closer" finished-at="2022-07-30T14:51:38 IST" duration-ms="479" status="PASS">
          <reporter-output>
          </reporter-output>
        </test-method> <!-- closer -->
        <test-method is-config="true" signature="initialize()[pri:0, instance:runner.TestExecution@41c2284a]" started-at="2022-07-30T14:51:38 IST" name="initialize" finished-at="2022-07-30T14:51:51 IST" duration-ms="13358" status="PASS">
          <reporter-output>
          </reporter-output>
        </test-method> <!-- initialize -->
        <test-method signature="tideDeepClean()[pri:10, instance:runner.TestExecution@41c2284a]" started-at="2022-07-30T14:51:51 IST" name="tideDeepClean" finished-at="2022-07-30T14:51:56 IST" duration-ms="4766" status="PASS">
          <reporter-output>
          </reporter-output>
        </test-method> <!-- tideDeepClean -->
        <test-method is-config="true" signature="closer()[pri:0, instance:runner.TestExecution@41c2284a]" started-at="2022-07-30T14:51:56 IST" name="closer" finished-at="2022-07-30T14:51:57 IST" duration-ms="493" status="PASS">
          <reporter-output>
          </reporter-output>
        </test-method> <!-- closer -->
      </class> <!-- runner.TestExecution -->
    </test> <!-- Test -->
  </suite> <!-- Suite -->
</testng-results>
