<?xml version="1.0" encoding="UTF-8"?>
<testng-results ignored="0" total="10" passed="10" failed="0" skipped="0">
  <reporter-output>
  </reporter-output>
  <suite started-at="2022-07-30T13:22:24 IST" name="Default suite" finished-at="2022-07-30T13:25:07 IST" duration-ms="163318">
    <groups>
    </groups>
    <test started-at="2022-07-30T13:22:24 IST" name="Default test" finished-at="2022-07-30T13:25:07 IST" duration-ms="163318">
      <class name="runner.TestExecution">
        <test-method is-config="true" signature="initialize()[pri:0, instance:runner.TestExecution@593aaf41]" started-at="2022-07-30T13:22:24 IST" name="initialize" finished-at="2022-07-30T13:22:33 IST" duration-ms="8890" status="PASS">
          <reporter-output>
          </reporter-output>
        </test-method> <!-- initialize -->
        <test-method signature="createAccount()[pri:1, instance:runner.TestExecution@593aaf41]" started-at="2022-07-30T13:22:33 IST" name="createAccount" finished-at="2022-07-30T13:22:45 IST" duration-ms="12714" status="PASS">
          <reporter-output>
          </reporter-output>
        </test-method> <!-- createAccount -->
        <test-method is-config="true" signature="closer()[pri:0, instance:runner.TestExecution@593aaf41]" started-at="2022-07-30T13:22:45 IST" name="closer" finished-at="2022-07-30T13:22:47 IST" duration-ms="1108" status="PASS">
          <reporter-output>
          </reporter-output>
        </test-method> <!-- closer -->
        <test-method is-config="true" signature="initialize()[pri:0, instance:runner.TestExecution@593aaf41]" started-at="2022-07-30T13:22:47 IST" name="initialize" finished-at="2022-07-30T13:22:54 IST" duration-ms="7262" status="PASS">
          <reporter-output>
          </reporter-output>
        </test-method> <!-- initialize -->
        <test-method signature="shopProductPacsTC1()[pri:2, instance:runner.TestExecution@593aaf41]" started-at="2022-07-30T13:22:54 IST" name="shopProductPacsTC1" finished-at="2022-07-30T13:23:04 IST" duration-ms="10597" status="PASS">
          <reporter-output>
          </reporter-output>
        </test-method> <!-- shopProductPacsTC1 -->
        <test-method is-config="true" signature="closer()[pri:0, instance:runner.TestExecution@593aaf41]" started-at="2022-07-30T13:23:04 IST" name="closer" finished-at="2022-07-30T13:23:05 IST" duration-ms="702" status="PASS">
          <reporter-output>
          </reporter-output>
        </test-method> <!-- closer -->
        <test-method is-config="true" signature="initialize()[pri:0, instance:runner.TestExecution@593aaf41]" started-at="2022-07-30T13:23:06 IST" name="initialize" finished-at="2022-07-30T13:23:16 IST" duration-ms="9475" status="PASS">
          <reporter-output>
          </reporter-output>
        </test-method> <!-- initialize -->
        <test-method signature="searchPowder(java.lang.String)[pri:3, instance:runner.TestExecution@593aaf41]" started-at="2022-07-30T13:23:16 IST" name="searchPowder" data-provider="SearchPowder" finished-at="2022-07-30T13:23:25 IST" duration-ms="9016" status="PASS">
          <params>
            <param index="0">
              <value>
                <![CDATA[powder]]>
              </value>
            </param>
          </params>
          <reporter-output>
          </reporter-output>
        </test-method> <!-- searchPowder -->
        <test-method is-config="true" signature="closer()[pri:0, instance:runner.TestExecution@593aaf41]" started-at="2022-07-30T13:23:25 IST" name="closer" finished-at="2022-07-30T13:23:25 IST" duration-ms="596" status="PASS">
          <reporter-output>
          </reporter-output>
        </test-method> <!-- closer -->
        <test-method is-config="true" signature="initialize()[pri:0, instance:runner.TestExecution@593aaf41]" started-at="2022-07-30T13:23:25 IST" name="initialize" finished-at="2022-07-30T13:23:32 IST" duration-ms="6745" status="PASS">
          <reporter-output>
          </reporter-output>
        </test-method> <!-- initialize -->
        <test-method signature="liveChat()[pri:4, instance:runner.TestExecution@593aaf41]" started-at="2022-07-30T13:23:32 IST" name="liveChat" finished-at="2022-07-30T13:23:38 IST" duration-ms="6421" status="PASS">
          <reporter-output>
          </reporter-output>
        </test-method> <!-- liveChat -->
        <test-method is-config="true" signature="closer()[pri:0, instance:runner.TestExecution@593aaf41]" started-at="2022-07-30T13:23:38 IST" name="closer" finished-at="2022-07-30T13:23:39 IST" duration-ms="587" status="PASS">
          <reporter-output>
          </reporter-output>
        </test-method> <!-- closer -->
        <test-method is-config="true" signature="initialize()[pri:0, instance:runner.TestExecution@593aaf41]" started-at="2022-07-30T13:23:39 IST" name="initialize" finished-at="2022-07-30T13:23:46 IST" duration-ms="6707" status="PASS">
          <reporter-output>
          </reporter-output>
        </test-method> <!-- initialize -->
        <test-method signature="Language()[pri:5, instance:runner.TestExecution@593aaf41]" started-at="2022-07-30T13:23:46 IST" name="Language" finished-at="2022-07-30T13:23:57 IST" duration-ms="11661" status="PASS">
          <reporter-output>
          </reporter-output>
        </test-method> <!-- Language -->
        <test-method is-config="true" signature="closer()[pri:0, instance:runner.TestExecution@593aaf41]" started-at="2022-07-30T13:23:57 IST" name="closer" finished-at="2022-07-30T13:23:58 IST" duration-ms="610" status="PASS">
          <reporter-output>
          </reporter-output>
        </test-method> <!-- closer -->
        <test-method is-config="true" signature="initialize()[pri:0, instance:runner.TestExecution@593aaf41]" started-at="2022-07-30T13:23:58 IST" name="initialize" finished-at="2022-07-30T13:24:03 IST" duration-ms="5370" status="PASS">
          <reporter-output>
          </reporter-output>
        </test-method> <!-- initialize -->
        <test-method signature="liquidProducts()[pri:6, instance:runner.TestExecution@593aaf41]" started-at="2022-07-30T13:24:03 IST" name="liquidProducts" finished-at="2022-07-30T13:24:11 IST" duration-ms="7966" status="PASS">
          <reporter-output>
          </reporter-output>
        </test-method> <!-- liquidProducts -->
        <test-method is-config="true" signature="closer()[pri:0, instance:runner.TestExecution@593aaf41]" started-at="2022-07-30T13:24:11 IST" name="closer" finished-at="2022-07-30T13:24:12 IST" duration-ms="572" status="PASS">
          <reporter-output>
          </reporter-output>
        </test-method> <!-- closer -->
        <test-method is-config="true" signature="initialize()[pri:0, instance:runner.TestExecution@593aaf41]" started-at="2022-07-30T13:24:12 IST" name="initialize" finished-at="2022-07-30T13:24:18 IST" duration-ms="6478" status="PASS">
          <reporter-output>
          </reporter-output>
        </test-method> <!-- initialize -->
        <test-method signature="stainRemoval()[pri:7, instance:runner.TestExecution@593aaf41]" started-at="2022-07-30T13:24:18 IST" name="stainRemoval" finished-at="2022-07-30T13:24:31 IST" duration-ms="12714" status="PASS">
          <reporter-output>
          </reporter-output>
        </test-method> <!-- stainRemoval -->
        <test-method is-config="true" signature="closer()[pri:0, instance:runner.TestExecution@593aaf41]" started-at="2022-07-30T13:24:31 IST" name="closer" finished-at="2022-07-30T13:24:32 IST" duration-ms="620" status="PASS">
          <reporter-output>
          </reporter-output>
        </test-method> <!-- closer -->
        <test-method is-config="true" signature="initialize()[pri:0, instance:runner.TestExecution@593aaf41]" started-at="2022-07-30T13:24:32 IST" name="initialize" finished-at="2022-07-30T13:24:38 IST" duration-ms="6357" status="PASS">
          <reporter-output>
          </reporter-output>
        </test-method> <!-- initialize -->
        <test-method signature="tideInSpace()[pri:8, instance:runner.TestExecution@593aaf41]" started-at="2022-07-30T13:24:38 IST" name="tideInSpace" finished-at="2022-07-30T13:24:44 IST" duration-ms="5820" status="PASS">
          <reporter-output>
          </reporter-output>
        </test-method> <!-- tideInSpace -->
        <test-method is-config="true" signature="closer()[pri:0, instance:runner.TestExecution@593aaf41]" started-at="2022-07-30T13:24:44 IST" name="closer" finished-at="2022-07-30T13:24:44 IST" duration-ms="554" status="PASS">
          <reporter-output>
          </reporter-output>
        </test-method> <!-- closer -->
        <test-method is-config="true" signature="initialize()[pri:0, instance:runner.TestExecution@593aaf41]" started-at="2022-07-30T13:24:44 IST" name="initialize" finished-at="2022-07-30T13:24:51 IST" duration-ms="6444" status="PASS">
          <reporter-output>
          </reporter-output>
        </test-method> <!-- initialize -->
        <test-method signature="tideLaundry()[pri:9, instance:runner.TestExecution@593aaf41]" started-at="2022-07-30T13:24:51 IST" name="tideLaundry" finished-at="2022-07-30T13:24:56 IST" duration-ms="5040" status="PASS">
          <reporter-output>
          </reporter-output>
        </test-method> <!-- tideLaundry -->
        <test-method is-config="true" signature="closer()[pri:0, instance:runner.TestExecution@593aaf41]" started-at="2022-07-30T13:24:56 IST" name="closer" finished-at="2022-07-30T13:24:56 IST" duration-ms="416" status="PASS">
          <reporter-output>
          </reporter-output>
        </test-method> <!-- closer -->
        <test-method is-config="true" signature="initialize()[pri:0, instance:runner.TestExecution@593aaf41]" started-at="2022-07-30T13:24:56 IST" name="initialize" finished-at="2022-07-30T13:25:01 IST" duration-ms="4879" status="PASS">
          <reporter-output>
          </reporter-output>
        </test-method> <!-- initialize -->
        <test-method signature="tideDeepClean()[pri:10, instance:runner.TestExecution@593aaf41]" started-at="2022-07-30T13:25:01 IST" name="tideDeepClean" finished-at="2022-07-30T13:25:07 IST" duration-ms="5369" status="PASS">
          <reporter-output>
          </reporter-output>
        </test-method> <!-- tideDeepClean -->
        <test-method is-config="true" signature="closer()[pri:0, instance:runner.TestExecution@593aaf41]" started-at="2022-07-30T13:25:07 IST" name="closer" finished-at="2022-07-30T13:25:07 IST" duration-ms="472" status="PASS">
          <reporter-output>
          </reporter-output>
        </test-method> <!-- closer -->
      </class> <!-- runner.TestExecution -->
    </test> <!-- Default test -->
  </suite> <!-- Default suite -->
</testng-results>
